======= 삼성 한신 =========
 73m2 102동 5/5: 6억7000만 - 급매 로얄동 샷시포함 최근특올수리 거실확장 입주가능합니다.로얄동 샷시포함 최근특올수리 입주가능합니다전체특수리 정상입주가능합니다22샷시포함 최근수리 깨끗  정상입주특올수리되었으며 로얄동으로 조용하고 전망좋음, 입주가능 
 73m2 120동 2/5: 7억1000만 - 초역세권 로열동 입주되는좋은집입니다.올수리 서현역5분 입주가능합니다입주가능합니다 주인거주라 관리잘된집 서현역도보3분거리  
 73m2 105동 2/5: 7억1500만 - 완전특올수리되어있으며  급매입니다 
 73m2 105동 2/5: 7억2000만 - 특수리.입주가능 
 73m2 119동 3/5: 7억3000만 - 최근완벽특올수리,단지내초등학교,서현역1분거리 
 73m2 120동 4/5: 7억4000만 - 초역세권으로 특올수리된 상태입니다 
 107m2 124동 1/10: 8억4000만 - 서현초역세권입니다수리가 되어 있습니다 
 107m2 112동 1/23: 8억6000만 - 샷시포함 특올수리 밝은집 입주가능합니다.확장샷시포함특올수리 서현초가 집앞이며 밝은1층입니다. 
 107m2 112동 13/23: 8억8000만 - 추천급매,서현초중학군,앞트인동,서현역5분,정상입주 
 107m2 112동 13/23: 9억 - 32 최고급매 입주나 전세안고도가능한집 
 107m2 115동 3/15: 9억3000만 - 특수리,주인거주,정상입주가현재 주인거주, 특올수리된 깨끗한집,위치좋음,연락주세요 32 특올수리 급매 주인거주 서현초중고학군 조용한동32,서현초3분거리,특올수리된 집으로 로얄동이며 입주가능합니다.32로얄동 정상입주 특올수리 깨끗한집특올수리,서현초3분,정상입주가능합니다정상입주 로얄동올수리 조용한동 밝은집 입주가능합니다.조용한 동으로 특올수리상태입니다조용한동 특올수리 입주가능합니다 
 107m2 121동 6/10: 9억5000만 - 전세오억칠천,20205만기 위치좋은 최고의 집 친절안내,연락주세요 
 107m2 107동 5/9: 9억5000만 - 32p, 단지내초, 교통편리, 로얄층, 정상입주. 
 107m2 126동 11/15: 9억9000만 - 전망이 좋고 서현역세권입니다올수리 로얄동 서현역 도보5분이내 전망굿 입주가능합니다.전망 좋은 로얄동  정상 입주 
 107m2 130동 3/23: 10억 - 32 삼성한신 로얄동,입주가능 
 107m2 122동 9/10: 10억 - 32 전체샷시포함특올수리 전세끼고 서현역도보3분 위치좋은동입니다 
 107m2 113동 8/15: 10억3000만 - 확장.올수리.정상 
 107m2 130동 16/23: 10억5000만 - 완전특올수리되어있고전망이 좋습니다 
======= 시범우성 =========
 96m2 219동 13/15: 8억1000만 - 29 최근특올수리함 주인거주 정상전체완벽수리 정상입주 
 96m2 228동 12/20: 8억2000만 - 급매 올수리되고 전망좋으며 정상입주됩니다. 
 106Am2 224동 1/17: 8억3000만 - 32  방3화2 로얄동  서현중학군 
 106Am2 224동 저/17: 8억3000만 - 32p.올수리.정상.라인좋음 
 106Am2 222동 17/17: 8억4000만 - 32 급 최근확장특올수리 정상입주가능하며 서현중앞입니다32 최근완벽특인테리어,로얄동,전망좋음 
 96m2 219동 13/15: 8억4000만 - 29 최근특인테리어 주인거주중 저렴매물 
 106Am2 211동 10/15: 8억5000만 - 32 세안고급매 주인특올수리 라인굿 투자굿 유망단지급매 전망좋음 교통매우편리  서현중학교옆 세 5억2천32급 특올수리 정상입주가능하며 학군 교통좋아요 
 106Am2 211동 4/15: 8억5000만 - 상세설명이 있습니다. 
 106Am2 222동 17/17: 8억5000만 - 32 최근확장특올수리 정상입주가능하며 서현중앞입니다32 완벽한특올수리 서현중학군32 추천 전망좋은 로얄동 깨끗한올수리 정상입주 
 106Am2 222동 고/17: 8억5000만 - 급매,전망굿,특올수리 
 106Am2 224동 17/17: 8억5000만 - 32p급 최근특올수리 정상입주가능하며 학군 교통좋아요정상 특올수리 로얄동 서현중앞32  방3화2 샷시까지 특올수리 로얄동  서현중학군 
 106Am2 210동 4/15: 8억6000만 - 세안고매도.서현중옆.교통편리함.가격저렴 
 96m2 217동 9/15: 8억6000만 -  
 106Am2 210동 6/15: 8억7000만 - 조용하고 교통도 좋은곳. 서현중옆.입주됨.저렴한가격 
 106Am2 210동 4/15: 8억7000만 - 32 추천 전체특올수리된 추천매물입니다 세안고 
 106Am2 220동 10/17: 8억7000만 - 32. 올수리되고 전망좋으며 정상입주되는 급매물입니다.32 급매 올수리 로얄동 정상 단지내 서현중정상입주 샷시외올수리  주인거주올수리되고 전망좋으며 정상입주됩니다.우성32  대중교통이좋은동입니다. 
 106Am2 229동 5/15: 8억8000만 - 완전 급매입니다32 급매 정상입주 탁트인전망 로얄동입주됨.탁트인앞전망.서현역도보이용편리함.분당초,서현중학군임 
 106Am2 228동 5/20: 8억8000만 - 확장올수리 전망 세안고 
 106Am2 229동 5/15: 8억9000만 - 정상입주 중학 초등가까움 서현역10분 
 106Am2 224동 3/17: 9억 - 올수리 세안고 조용한전망동 분당초서현중고학군 서현역세권  
 96m2 217동 10/15: 9억 - 로얄동, 최근에 올수리하였고 입주가능 합니다. 
 106Am2 224동 7/17: 9억2000만 - 32p 특올수리 빠른입주가능하며 학군 교통좋아요32p 완전특올수리 로얄동 좋은교통학군 
 106Am2 220동 7/17: 9억4000만 - 32 추천 최근완벽한리모델링한 예쁜집 주인거주 
======= 이매한신 =========
 84m2 208동 5/12: 7억2800만 - 입주되고 전망이 나오며 투자도 좋은 착한금액에 물건입니다. 
 84m2 208동 5/12: 7억3000만 - 입주가능하고 투자도 가능한 좋은금액물건입니다.특올수리,구조최고,광역,회사버스라인입니다 
 84m2 207동 6/12: 7억5000만 - 정상,확장특올수리,공원전망,교통 좋은 매물입니다. 
 84m2 207동 8/12: 7억7000만 - 26P 확장수리깨끗 입주가능급매 로얄층 전망좋음 대중교통최상 
 84m2 207동 중/12: 7억7000만 - 특 올수리, 하시. 
 84m2 211동 18/25: 7억8500만 - 최고 조용한동 로얄층입니다.정상입주 로얄동 전망굿 
 84m2 211동 고/25: 7억8500만 - 정상입주,전망좋음, 보통. 
 84m2 212동 19/25: 8억 - 올수리,세안고,광역버스 최고라인입니다 
 84m2 212동 저/25: 8억2000만 -  
 84m2 208동 중/12: 8억2500만 - 정상, 올수리. 
 84m2 208동 7/12: 8억2500만 - 확장수리되어아주깨끗한집입니다,교통아주좋아요 
 84m2 212동 8/25: 8억3000만 - 전체특수리,광역,회사버스라인 좋습니다 
 104m2 201동 11/20: 8억5000만 - 특올수리,정상입주,광역버스최상입니다 
 104m2 206동 10/23: 8억5000만 - 입주가능하고 수리된 아주 좋은물건입니다.투자도 좋아요 
 104m2 206동 19/23: 8억5000만 - 최근특올수리,초중고인접,교통,생활인프라최고급매,최근 모델하우스급 수리,전망,주인거주 
 104m2 202동 14/23: 8억7000만 - 전체올수리,교통1번지,정상입주샷시빼고 전체올수리입니다. 
 104m2 206동 12/23: 8억7000만 - 정상입주,라인좋고 교통최고입니다 
 104m2 206동 중/23: 8억7000만 - 라인 굿, 정상입주 
 104m2 206동 22/23: 8억8000만 - 정상,전체 수리되어있고,전망, 교통 최고인 매물전체특올수리. 서현역세권 
 104m2 206동 18/23: 9억1000만 - 조용한동이며투자좋아요,교통아주좋아요 
 104m2 206동 고/23: 9억1000만 - 세안고, 전망 굿 
======= 효자촌동아 =========
 106m2 203동 7/16: 7억5000만 - 급매 로얄동 입주가능32p, 급매, 로얄동, 올수리, 정상입주. 
 106m2 203동 8/16: 7억5000만 - 32타입 급매 올수리 전망 방3 정상입주 교통편리교통편리 로얄동 급매 
 106m2 203동 9/16: 8억 - 최근샤시까지전체특올수리 정상 단지앞광역버스정거장 전망 
 106m2 212동 5/16: 8억5000만 - 32.정상입주.샷시포함 최근완벽특올수리된집.로얄동 전망라인 
